[06-19 13:52:20]: [INFO] Created column 'regdate' and set the current timestamp, 1687175540263, to all 0 rows
[06-19 13:52:20]: [INFO] SQLite Setup finished
[06-19 13:52:20]: [INFO] Hooked into LuckPerms!
[06-19 13:52:20]: [INFO] Hooked successfully into Essentials
[06-19 13:52:20]: [INFO] Hooked successfully into Multiverse-Core
[06-19 13:52:20]: [INFO] AuthMe 5.6.0-SNAPSHOT build n.2586 successfully enabled!
[06-19 13:54:44]: [INFO] SQLite Setup finished
[06-19 13:54:44]: [INFO] Hooked into LuckPerms!
[06-19 13:54:44]: [INFO] Hooked successfully into Essentials
[06-19 13:54:44]: [INFO] Hooked successfully into Multiverse-Core
[06-19 13:54:45]: [INFO] AuthMe 5.6.0-SNAPSHOT build n.2586 successfully enabled!
[06-19 13:56:32]: [INFO] Downloading GEO IP database, because the old database is older than 30 days or doesn't exist
[06-19 13:56:32]: [WARN] No MaxMind credentials found in the configuration file! GeoIp protections will be disabled.
[06-19 13:56:32]: [INFO] There is no newer GEO IP database uploaded to MaxMind. Using the old one for now.
[06-19 13:56:32]: [WARN] Could not download GeoLiteAPI database [FileNotFoundException]: plugins\AuthMe\GeoLite2-Country.mmdb (El sistema no puede encontrar el archivo especificado)
[06-19 13:56:32]: java.io.FileNotFoundException: plugins\AuthMe\GeoLite2-Country.mmdb (El sistema no puede encontrar el archivo especificado)
	at java.base/java.io.RandomAccessFile.open0(Native Method)
	at java.base/java.io.RandomAccessFile.open(RandomAccessFile.java:346)
	at java.base/java.io.RandomAccessFile.<init>(RandomAccessFile.java:260)
	at java.base/java.io.RandomAccessFile.<init>(RandomAccessFile.java:214)
	at AuthMe-5.6.0-SNAPSHOT.jar//fr.xephi.authme.libs.com.maxmind.db.BufferHolder.<init>(BufferHolder.java:20)
	at AuthMe-5.6.0-SNAPSHOT.jar//fr.xephi.authme.libs.com.maxmind.db.Reader.<init>(Reader.java:121)
	at AuthMe-5.6.0-SNAPSHOT.jar//fr.xephi.authme.service.GeoIpService.startReading(GeoIpService.java:173)
	at AuthMe-5.6.0-SNAPSHOT.jar//fr.xephi.authme.service.GeoIpService.updateDatabase(GeoIpService.java:144)
	at org.bukkit.craftbukkit.v1_19_R3.scheduler.CraftTask.run(CraftTask.java:101)
	at org.bukkit.craftbukkit.v1_19_R3.scheduler.CraftAsyncTask.run(CraftAsyncTask.java:57)
	at com.destroystokyo.paper.ServerSchedulerReportingWrapper.run(ServerSchedulerReportingWrapper.java:22)
	at java.base/java.util.concurrent.ThreadPoolExecutor.runWorker(ThreadPoolExecutor.java:1144)
	at java.base/java.util.concurrent.ThreadPoolExecutor$Worker.run(ThreadPoolExecutor.java:642)
	at java.base/java.lang.Thread.run(Thread.java:1589)

[06-19 14:07:17]: [INFO] SQLite Setup finished
[06-19 14:07:17]: [INFO] Hooked into LuckPerms!
[06-19 14:07:17]: [INFO] Hooked successfully into Essentials
[06-19 14:07:17]: [INFO] Hooked successfully into Multiverse-Core
[06-19 14:07:17]: [INFO] AuthMe 5.6.0-SNAPSHOT build n.2586 successfully enabled!
[06-19 14:08:44]: [INFO] Downloading GEO IP database, because the old database is older than 30 days or doesn't exist
[06-19 14:08:44]: [WARN] No MaxMind credentials found in the configuration file! GeoIp protections will be disabled.
[06-19 14:08:44]: [INFO] There is no newer GEO IP database uploaded to MaxMind. Using the old one for now.
[06-19 14:08:44]: [WARN] Could not download GeoLiteAPI database [FileNotFoundException]: plugins\AuthMe\GeoLite2-Country.mmdb (El sistema no puede encontrar el archivo especificado)
[06-19 14:08:44]: java.io.FileNotFoundException: plugins\AuthMe\GeoLite2-Country.mmdb (El sistema no puede encontrar el archivo especificado)
	at java.base/java.io.RandomAccessFile.open0(Native Method)
	at java.base/java.io.RandomAccessFile.open(RandomAccessFile.java:346)
	at java.base/java.io.RandomAccessFile.<init>(RandomAccessFile.java:260)
	at java.base/java.io.RandomAccessFile.<init>(RandomAccessFile.java:214)
	at AuthMe-5.6.0-SNAPSHOT.jar//fr.xephi.authme.libs.com.maxmind.db.BufferHolder.<init>(BufferHolder.java:20)
	at AuthMe-5.6.0-SNAPSHOT.jar//fr.xephi.authme.libs.com.maxmind.db.Reader.<init>(Reader.java:121)
	at AuthMe-5.6.0-SNAPSHOT.jar//fr.xephi.authme.service.GeoIpService.startReading(GeoIpService.java:173)
	at AuthMe-5.6.0-SNAPSHOT.jar//fr.xephi.authme.service.GeoIpService.updateDatabase(GeoIpService.java:144)
	at org.bukkit.craftbukkit.v1_19_R3.scheduler.CraftTask.run(CraftTask.java:101)
	at org.bukkit.craftbukkit.v1_19_R3.scheduler.CraftAsyncTask.run(CraftAsyncTask.java:57)
	at com.destroystokyo.paper.ServerSchedulerReportingWrapper.run(ServerSchedulerReportingWrapper.java:22)
	at java.base/java.util.concurrent.ThreadPoolExecutor.runWorker(ThreadPoolExecutor.java:1144)
	at java.base/java.util.concurrent.ThreadPoolExecutor$Worker.run(ThreadPoolExecutor.java:642)
	at java.base/java.lang.Thread.run(Thread.java:1589)

